Console was cleared
VM1174:1 	ALLEN संचार 🔴 Weekly Bulletin (Episode-136) | October-2024 | Complete Highlights	https://www.youtube.com/watch?v=-nVAt8pR2lc	
VM1174:1 	#ALLENHyderabad 🚀 Results Meet Care: ALLEN now also in Hyderabad!	https://www.youtube.com/watch?v=auuxZ1FiPnw	
VM1174:1 	1st Day at AIIMS Delhi | Life of NEET 2024 AIR-1 | Expectations vs Reality | ALLEN	https://www.youtube.com/watch?v=uYl5RHfYsCs	
VM1174:1 	ALLEN संचार 🔴 Weekly Bulletin (Episode-135) | September-2024 | Complete Highlights	https://www.youtube.com/watch?v=0hSUYCxxguM	
VM1174:1 	Complete TALLENTEX 2025 Details for Beginners | Online & Offline Modes | ALLEN	https://www.youtube.com/watch?v=yHNnhtAfKL4	
VM1174:1 	ALLEN संचार 🔴 Weekly Bulletin (Episode-134) | September-2024 | Complete Highlights	https://www.youtube.com/watch?v=ABmxSagvl9o	
VM1174:1 	Win Scholarships up to ₹250 Cr | Complete Details of TALLENTEX 2025	https://www.youtube.com/watch?v=-OLxAAtanlg	
VM1174:1 	ALLEN संचार 🔴 Weekly Bulletin (Episode-133) | September-2024 | Complete Highlights	https://www.youtube.com/watch?v=ZxttJPchN2U	
VM1174:1 	ALLEN संचार 🔴 Weekly Bulletin (Episode-132) | September-2024 | Complete Highlights	https://www.youtube.com/watch?v=9HJr3oOC8mo	
VM1174:1 	Big Surprise 📩 Teachers Day Special | ALLEN	https://www.youtube.com/watch?v=aRZ5rVoA-oE	
VM1174:1 	ALLEN संचार 🔴 Weekly Bulletin (Episode-131) | September-2024 | Complete Highlights	https://www.youtube.com/watch?v=OXbPuXPnSbM	
VM1174:1 	ALLEN संचार 🔴 Weekly Bulletin (Episode-130) | August-2024 | Complete Highlights #ALLENSanchar	https://www.youtube.com/watch?v=9W9vSKSN-q4	
VM1174:1 	Dengue & Malaria - बचाव, लक्षण और उपचार💡 by Dr. Pankaj Jain | Physically Fit, Mentally Hit (Ep-5)	https://www.youtube.com/watch?v=sGT4b6tMuF0	
VM1174:1 	ALLEN संचार 🔴 Weekly Bulletin (Episode-129) | August-2024 | Complete Highlights	https://www.youtube.com/watch?v=1yfeKmxEryQ	
VM1174:1 	सीने में 17 गोलियां, आंखों में तिरंगे की चमक | Independence Day Special Podcast🎙️ ALLEN	https://www.youtube.com/watch?v=7FcE5idwwKs	
VM1174:1 	ALLEN संचार 🔴 Weekly Bulletin (Episode-128) | August-2024 | Complete Highlights	https://www.youtube.com/watch?v=1AoR0Ae_rmQ	
VM1174:1 	Mumbai के Slum से निकल कर बना IITian ➡️ Parth's Inspiring JEE Advanced 2024 Journey | ALLEN	https://www.youtube.com/watch?v=gRRXrDXthTU	
VM1174:1 	ALLEN CHAMP 2024 ✨ Nominate Now & Win Cash Prizes, Medals & More | No Fee, No Exam	https://www.youtube.com/watch?v=tZQbIHk8hOE	
VM1174:1 	ALLEN संचार 🔴 Weekly Bulletin (Episode-127) | August-2024 | Complete Highlights	https://www.youtube.com/watch?v=8cw1MkSESvo	
VM1174:1 	Walkthrough of ALLEN’s Shaurya Vandan 2024 🕊️ कुछ अनकही कहानियां	https://www.youtube.com/watch?v=SYIBjUScmBg	
VM1174:1 	AIR-1 (720/720) in NEET-UG 2024 | Candid Interview With Neha’s Family | ALLEN	https://www.youtube.com/watch?v=UZcQK1-wNwQ	
VM1174:1 	डॉक्टर बनने का सपना तो छोड़ ही दिया था !🥇 Divyansh AIR-1 (720/720) in NEET 2024 | ALLEN	https://www.youtube.com/watch?v=DwYb6iBw52E	
VM1174:1 	Free Coaching In ALLEN | Shiksha Sambal Yojana | अब डॉक्टर बनने का सपना होगा सच	https://www.youtube.com/watch?v=b6qaiBxBMEw	
VM1174:1 	ALLEN संचार 🔴 Weekly Bulletin (Episode-126) | July-2024 | Complete Highlights	https://www.youtube.com/watch?v=wgBmtbpNNYQ	
VM1174:1 	ALLEN's Shaurya Vandan 2024 | Remembering the Kargil Martyrs 🇮🇳 | Highlights of Mega Event	https://www.youtube.com/watch?v=Y2OH2cFv3Ao	
VM1174:1 	एल एन माहेश्वरी परमार्थ न्यास व एलन की संयुक्त पहल पर शिक्षा संबल योजना के बैच का ओरियंटेशन | ALLEN	https://www.youtube.com/watch?v=4-FXwQNsBeo	
VM1174:1 	नीट-यूजी री-रिवाइज्ड रिजल्ट में एलन के 6 स्टूडेंट्स को आल इंडिया रैंक-1 | ALLEN	https://www.youtube.com/watch?v=nIiIJ6kSU3g	
VM1174:1 	छोटे शहर का लड़का ➡ Now living life in IIT Delhi | Top College की दुनिया | ALLEN	https://www.youtube.com/watch?v=EsTMAgGpgIs	
VM1174:1 	ALLEN संचार 🔴 Weekly Bulletin (Episode-125) | July-2024 | Complete Highlights	https://www.youtube.com/watch?v=VJvUtSe6lfs	
VM1174:1 	ALLEN संचार 🔴 Weekly Bulletin (Episode-124) | July-2024 | Complete Highlights	https://www.youtube.com/watch?v=avPEyeJhlKI	
VM1174:1 	Exam Day Reaction 😊 एलन कोटा में निशुल्क कोचिंग | शिक्षा संबल प्रवेश परीक्षा	https://www.youtube.com/watch?v=K3DLV6x7ZAY	
VM1174:1 	ALLEN संचार 🔴 Weekly Bulletin (Episode-123) | July-2024 | Complete Highlights	https://www.youtube.com/watch?v=y0HwwkFF-TA	
VM1174:1 	4 Dropper दोस्त बनेंगे IITian | Time waste नहीं, invest किया | Dropper to Topper | ALLEN	https://www.youtube.com/watch?v=RssqNOxQfqY	
VM1174:1 	ALLEN संचार 🔴 Weekly Bulletin (Episode-122) | July-2024 | Complete Highlights	https://www.youtube.com/watch?v=blDmk1dkZQs	
VM1174:1 	Shekhar के सफलता की अनसुनी कहानी 📚 JEE Advanced 2024 | Ft. Mother of AIR-28 | ALLEN	https://www.youtube.com/watch?v=F0sA3lqjx-0	
VM1174:1 	सफर Kota से  IIT का | AIR-12 in JEE Advanced 2024 - Raghav Sharma | ALLEN	https://www.youtube.com/watch?v=88yI6EHe-2k	
VM1174:1 	JEE is Different, Not Difficult | AIR-40 in JEE Advanced 2024 - Arnav Baranwal | ALLEN	https://www.youtube.com/watch?v=52f8f_J02PA	
VM1174:1 	इस Strategy को Follow किया तो IIT दूर नहीं 🎯 AIR-57 in JEE Advanced 2024 - Aaditya Kumar | ALLEN	https://www.youtube.com/watch?v=yMhiIocH_9g	
VM1174:1 	IIT-JEE को बनाया इतना आसान कैसे? | AIR-77 in JEE Advanced 2024 Mohd. Emaad Arif | ALLEN	https://www.youtube.com/watch?v=9Py7DKw6ivc	
VM1174:1 	MARKS मिले या ना मिले अपना 100% दो 🎯 AIR-73 in JEE Advanced 2024 - Raghav Chandak | ALLEN	https://www.youtube.com/watch?v=63KCVxX42l8	
VM1174:1 	Transform Your Dreams Into Reality with TALLENTEX 2025 🏆 Cash Prizes for Class 5th to 10th	https://www.youtube.com/watch?v=MVyxlpuunkU	
VM1174:1 	ALLEN संचार 🔴 Weekly Bulletin (Episode-121) | June-2024 | Complete Highlights	https://www.youtube.com/watch?v=_dXV7v95mTI	
VM1174:1 	ALLEN Classroom Surprise Visit 😱 by IIT Delhi Student - Deepanshu	https://www.youtube.com/watch?v=1VifoUsWzhQ	
VM1174:1 	How to get Top 100 Rank in IIT JEE? | Best Preparation Strategy for Aspirants 🔥 ALLEN	https://www.youtube.com/watch?v=D7jzNN7g3vo	
VM1174:1 	VED की सबसे बड़ी ताकत | Ved Lahoti’s Mother Shares Emotional Journey to JEE Advanced 2024 AIR-1	https://www.youtube.com/watch?v=BvnSb7v8GlM	
VM1174:1 	AIR-12 in JEE Advanced 2024 | Hepatitis के बाद भी जीता JEE का मैदान 😲 Raghav Sharma | ALLEN	https://www.youtube.com/watch?v=LBzVCzgSqH4	
VM1174:1 	ALLEN's Senior Olympiad Workshops 2024-25 | NSEP, INPhO, NSEC, INChO, NSEB, INBO	https://www.youtube.com/watch?v=xaCbnLUsuK4	
VM1174:1 	Class 8th में ही JEE Advanced का पेपर Solve किया | AIR-28 in JEE Advanced 2024 | Shekhar Jha | ALLEN	https://www.youtube.com/watch?v=GvjMZBIEt0M	
VM1174:1 	Fracture के बावजूद नहीं मानी हार 🔥 Rishit Aggarwal's Journey to JEE Advanced AIR-35 | ALLEN	https://www.youtube.com/watch?v=AaJPHrd6s4Y	
VM1174:1 	ALLEN संचार 🔴 Weekly Bulletin (Episode-120) | June-2024 | Complete Highlights	https://www.youtube.com/watch?v=Tg2qKJMjznc	
VM1174:1 	Ved Lahoti's Journey 🔥 From School Days to AIR-1 in JEE Advanced 2024 | ft. Nana ji | ALLEN	https://www.youtube.com/watch?v=8X4UmH3auRQ	
VM1174:1 	Topper बनने के लिए कितना पढ़े ? | Rajdeep Mishra AIR-6 Reveals the Real Study Schedule to Crack JEE	https://www.youtube.com/watch?v=YeJNWpQqDRU	
VM1174:1 	AIR-12 in JEE Advanced 2024 | बहन ने बताया भाई की सफलता का राज़ | Exclusive Interview 🎙 ALLEN	https://www.youtube.com/watch?v=onSYwQlQzk4	
VM1174:1 	Meet Viral Mother of Topper 🔥 Inspirational Story of Meenu Prabha | AIR-57 Aaditya Kumar	https://www.youtube.com/watch?v=5j7nM21s95U	
VM1174:1 	Jab We Met 🤝 जब मिले दो Rank-1 Holders | Special Episode | ALLEN	https://www.youtube.com/watch?v=5OyYZul0cL8	
VM1174:1 	Restart With ALLEN Meet The NEET-UG Repeaters 🩺 Who Made It Big in Their Next Attempt	https://www.youtube.com/watch?v=tAGTr6A-bEM	
VM1174:1 	AIR-6 in JEE Advanced 2024 | Marks बहुत कम आये पर हार नहीं मानी - Rajdeep Mishra 🏆 Toppers Spotlight	https://www.youtube.com/watch?v=TyfOAB6Le6U	
VM1174:1 	Breaking Records 🤩 Ved Lahoti AIR-1 in JEE Advanced 2024 with 355/360 | ALLEN	https://www.youtube.com/watch?v=Zl3GmFMdjBg	
VM1174:1 	AIR-4 in JEE Advanced 2024 | बचपन का सपना अब होगा अपना - Rhythm Kedia 🏆 Toppers Spotlight | ALLEN	https://www.youtube.com/watch?v=p9W2reTeVg0	
VM1174:1 	JEE Advanced 2024 Toppers Share Preparation Strategies (AIR-1, 4 & 6) | Exclusive Interview | ALLEN	https://www.youtube.com/watch?v=UUwtBATjtYY	
VM1174:1 	AIR-1 in JEE Advanced 2024 - Ved Lahoti | रिकॉर्ड अंकों के साथ जेईई परीक्षा में अव्वल | ALLEN	https://www.youtube.com/watch?v=iT74atVYfK4	
VM1174:1 	ALLEN संचार 🔴 Weekly Bulletin (Episode-119) | June-2024 | Complete Highlights	https://www.youtube.com/watch?v=Ocsw25chUok	
VM1174:1 	JEE Advanced 2024 | Ved Lahoti AIR-1 | 355/360 अंकों के साथ 64 वर्षों में सर्वाधिक स्कोर | ALLEN	https://www.youtube.com/watch?v=mEy75qvs6mE	
VM1174:1 	JEE Advanced में ALLEN Kota के स्टूडेंट Ved Lahoti बने ऑल इंडिया टॉपर | AIR-1 | #kotacoaching	https://www.youtube.com/watch?v=zTxigdvpjKk	
VM1174:1 	AIR-12 in JEE Advanced 2024 🔥 My Journey to Success - Raghav Sharma | Exclusive Interview | ALLEN	https://www.youtube.com/watch?v=B2TC__WBKn0	
VM1174:1 	AIR-1 in JEE Advanced 2024 | Ved Lahoti के अनसुने किस्से 🤩 Heartfelt Stories from family	https://www.youtube.com/watch?v=M6TMN4E5_1o	
VM1174:1 	Success Mantra of All India Girl Topper Dwija Patel 🔥 AIR-7 in JEE Advanced 2024 | ALLEN	https://www.youtube.com/watch?v=fiKTgNOOXdk	
VM1174:1 	Ved Lahoti's Secret to JEE (Advanced) 2024 AIR-1 | Quality Study Methods | ALLEN	https://www.youtube.com/watch?v=YQOtXKQ8fwY	
VM1174:1 	AIR-6 in JEE Advanced 2024 🔥 Rajdeep Mishra के Topper बनने का रहस्य | Exclusive Interview | ALLEN	https://www.youtube.com/watch?v=bsTn447ENsw	
VM1174:1 	AIR-4 in JEE Advanced 2024 🔥 The Formula of My Success - Rhythm Kedia | Exclusive Interview | ALLEN	https://www.youtube.com/watch?v=903BLfgmMa8	
VM1174:1 	JEE Advanced Result 2024 | Topper Ved Lahoti (AIR-1) ने NDTV से क्या कहा | ALLEN	https://www.youtube.com/watch?v=wCAfwEdOWVQ	
VM1174:1 	Ved Lahoti के JEE Advanced 2024 में AIR-1 बनने की यात्रा 🏆 Toppers Spotlight | ALLEN	https://www.youtube.com/watch?v=iUWqoOLBqtA	
VM1174:1 	JEE Advanced AIR-1 Ved Lahoti (355/360) 🔥 Exclusive Interview | Record Breaking Marks | ALLEN	https://www.youtube.com/watch?v=3JScpt7EmgI	
VM1174:1 	AIR-1 (720/720) in NEET 2024 | Not Doctor😲 but I was exploring other options.. Story of Taijas Singh	https://www.youtube.com/watch?v=unMOryli7eg	
VM1174:1 	नीट-यूजी 2024 | एलन के छात्रों ने हासिल की शीर्ष रैंक, रिकॉर्ड तोड़ परिणाम!	https://www.youtube.com/watch?v=0f8B0R1iWlY	
VM1174:1 	AIR-1 (720/720) in NEET 2024 | जब NEET की Preparation Start की तब Maths में भी interest था | ALLEN	https://www.youtube.com/watch?v=GWkifsrI6TI	
VM1174:1 	नीट यूजी 2024 परिणाम | एलन के 26 विद्यार्थियों ने हासिल की ऑल इंडिया रैंक 1	https://www.youtube.com/watch?v=8jNc_WLftKc	
VM1174:1 	नीट यूजी 2024 | एलन के 26 स्टूडेंट्स ने हासिल की ऑल इंडिया रैंक-1 | टॉप 100 में 40 एलन के विद्यार्थी	https://www.youtube.com/watch?v=41LP37L5enQ	
VM1174:1 	पहले पढ़ाई में मन नहीं लगता था | AIR-86 in NEET 2024 - Abhinav Kisna 715/720 | ALLEN	https://www.youtube.com/watch?v=sVWzsLirseI	
VM1174:1 	लक्ष्य के प्रति समर्पण से मिली सफलता | AIR-1 in NEET 2024 - Neha Mane Kuldeep | ALLEN	https://www.youtube.com/watch?v=3l7QyD7GV1k	
VM1174:1 	अपने सपने को कैसे किया सच ? | AIR-1 in NEET 2024 - Divyansh 720/720 | ALLEN	https://www.youtube.com/watch?v=wKi9gaJdB_o	
VM1174:1 	खुद की गलतियों से सीख कर बना AIR-86 (715/720) | 🩺 Secrets of Top Scorer in NEET UG 2024  | ALLEN	https://www.youtube.com/watch?v=zgmGeNStrGQ	
VM1174:1 	AIR-48 715/720 | माँ की बीमारी को देख पूरा किया डॉक्टर बनने का सपना | Top Scorer in NEET 2024	https://www.youtube.com/watch?v=8uL2sXXS108	
VM1174:1 	AIR-47 की Success Story 🏆 Secret Mantra of Aryan Sharma | Toppers Spotlight | ALLEN	https://www.youtube.com/watch?v=_f3xIlXd1aA	
VM1174:1 	Class 6th में ही ठान लिया कि मुझे Doctor बनना हैं 🩺 AIR-48 in NEET 2024 - Kahkasha Parween | ALLEN	https://www.youtube.com/watch?v=bbAT-MB2P2o	
VM1174:1 	Know My Success Story | AIR-25 in NEET 2024 | Ved SunilKumar Shende | ALLEN	https://www.youtube.com/watch?v=ftAT5tjwqPs	
VM1174:1 	जानिए Prachita के AIR-1 का राज | जो सोचा वो कर दिखाया | Superhit Interview of NEET 2024 Topper	https://www.youtube.com/watch?v=o2O1SqVIvyk	
VM1174:1 	ALLEN Champ 2024 Launching Ceremony 🎖 Celebrating Young Talents from Classes 3 to 10	https://www.youtube.com/watch?v=eV0YHVYDyqI	
VM1174:1 	AIR-1 in NEET 2024 | Emotional Story of Divyansh | कड़े संघर्ष से पायी जीत 🏆Toppers Spotlight | ALLEN	https://www.youtube.com/watch?v=9M4ALt0ph2U	
VM1174:1 	ALLEN संचार 🔴 Weekly Bulletin (Episode-118) | June-2024 | Complete Highlights	https://www.youtube.com/watch?v=1qrp6RAwCb0	
VM1174:1 	AIR-1 in NEET 2024 | एक रात में नहीं बनते Topper | Secret Mantra of Mazin | Toppers Spotlight	https://www.youtube.com/watch?v=AmFuqAgS3Tk	
VM1174:1 	AIR-1 in NEET 2024 | Secrets of Top Scorer in NEET | Success Story of Mazin Mansoor | ALLEN	https://www.youtube.com/watch?v=yb9cMRF6L18	
VM1174:1 	AIR-1 in NEET 2024 | Exclusive Interview with NEET 2024 Topper Divyansh | 🎯 Heartfelt Conversations	https://www.youtube.com/watch?v=WT6H-N7GBlg	
VM1174:1 	AIR-1 in NEET 2024 | Emotional Story of Divyansh | Secrets of Top Scorer | ALLEN	https://www.youtube.com/watch?v=A8FOTo6cECQ	
VM1174:1 	शिक्षा संबल | सरकारी स्कूल की प्रतिभाओं के लिए कोटा में निशुल्क शिक्षा-भोजन-आवास 📚 NEET 2025 | ALLEN	https://www.youtube.com/watch?v=fGB68kvjo0o	
VM1174:1 	ALLEN NSEJS+INJSO Workshop 2024-25 | Comprehensive Online Training (up to 90% Scholarship)	https://www.youtube.com/watch?v=cNvt6II8giY	
VM1174:1 	TALLENTEX 2025 | Win Scholarships Worth ₹ 250 Crore & Cash Prizes up to ₹ 2.5 Crore | ALLEN	https://www.youtube.com/watch?v=ta236nPM6GE	
VM1174:1 	ALLEN संचार 🔴 Weekly Bulletin (Episode-117) | May-2024 | Complete Highlights	https://www.youtube.com/watch?v=ZnpoLxgomCQ	
VM1174:1 	JEE Advanced 2024 Students Reaction | Know level of Exam | Honest Reaction 😱 |  @ALLENJEE	https://www.youtube.com/watch?v=zeSazv8oiG0	
VM1174:1 	ALLEN संचार 🔴 Weekly Bulletin (Episode-116) | May-2024 | Complete Highlights	https://www.youtube.com/watch?v=aJIi_ontg8U	
VM1174:1 	IOQM (Indian Olympiad Qualifier in Mathematics) Workshop based on new exam pattern | ALLEN	https://www.youtube.com/watch?v=Fu_oEjQAFNc	
VM1174:1 	जब RM Sir मिले ALLEN Alumni से | Nostalgic Stories of ALLEN | Samaanayan 2024	https://www.youtube.com/watch?v=2gjuYKsnn6U	
VM1174:1 	From Aashna to Dr. Aashna | NEET 2025 | ALLEN Online Programs	https://www.youtube.com/watch?v=Lx18iknj6R8	
VM1174:1 	ALLEN Alumni Share Their Journeys 😍 Heartwarming Stories from Samaanayan 2024	https://www.youtube.com/watch?v=b-KSCSydNTs	
VM1174:1 	ALLEN Alumni Meet | A Joyous Reunion in Kota | Samaanayan 2024	https://www.youtube.com/watch?v=apnejbqonUo	
VM1174:1 	ALLEN Alumni Meet - यादगार लम्हों की एक झलक | Samaanayan 2024 🌟| ALLEN Kota	https://www.youtube.com/watch?v=YgsD4Liow7I	
VM1174:1 	Lok Sabha Speaker Shri Om Birla's Perspective on Kota's Educational Environment | ALLEN Alumni Meet	https://www.youtube.com/watch?v=3KhKeR0-Yj4	
VM1174:1 	एलन समानयन में बोले देश के डॉक्टर्स.... कोटा से संभव हुआ सफलता का सफर	https://www.youtube.com/watch?v=uez5MyhkNgU	
VM1174:1 	ALLEN संचार 🔴 Weekly Bulletin (Episode-115) | May-2024 | Complete Highlights	https://www.youtube.com/watch?v=1u9Kp0nNBDg	
VM1174:1 	Exclusive Interview of Dr. Vikrant Pandey, IAS Joint Secretary, Ministry of Home Affairs	https://www.youtube.com/watch?v=nXc7SjU13Y8	
VM1174:1 	आज भी याद है ALLEN Classroom के दिन | Interaction with ALLEN Alumni |  ALLEN Samaanayan 2024 🌟	https://www.youtube.com/watch?v=7uUcgNsDhMU	
VM1174:1 	जब मिले पुराने दोस्त | Exclusive Interview of ALLEN Alumni - Samaanayan 2024 🌟 #KotaDiaries	https://www.youtube.com/watch?v=1awvlVZ55kQ	
VM1174:1 	ALLEN संचार 🔴 Weekly Bulletin (Episode-114) | May-2024 | Complete Highlights	https://www.youtube.com/watch?v=9T-l08KBfZ8	
VM1174:1 	NEET-UG 2024 Students Reaction | Know level of Exam 😊 Easy or Hard 😔| Student Review	https://www.youtube.com/watch?v=Scguyjj2AZU	
VM1174:1 	The Story Behind From Aspirations to Reality - Success Story of Kshitij Sodani | ALLEN	https://www.youtube.com/watch?v=a7EzQBNXjp4	
VM1174:1 	NEET 2024 Paper Solution and Answer key | Live Paper Analysis & Discussion By BM sir | ALLEN	https://www.youtube.com/watch?v=QV_sKfP0AGA	
VM1174:1 	Wishing You Success in Your NEET 2024 Exam Journey 😊 All the Best from ALLEN | BM Sir	https://www.youtube.com/watch?v=DbbfZ8K02ds	
VM1174:1 	Attention NEET-UG 2024 Aspirants | Must Watch 🚨this after Exam | ALLEN	https://www.youtube.com/watch?v=FlkVfI2r0jk	
VM1174:1 	JEE Main 2024 Topper (AIR-16) Muhammed Sufiyan | Success Mantra  🙌 Exclusive Interview | ALLEN	https://www.youtube.com/watch?v=J4GJVo_QPjc	
VM1174:1 	ALLEN संचार 🔴 Weekly Bulletin (Episode-113) | April-2024 | Complete Highlights	https://www.youtube.com/watch?v=a4kgRueOVdw	
undefined
desktop_polymer.js:1381 
        
        
       POST https://www.youtube.com/youtubei/v1/log_event?alt=json&key=AIzaSyAO_FJ2SlqU8Q4STEHLGCilw_Y9_11qcW8 net::ERR_BLOCKED_BY_CLIENT
ioa @ desktop_polymer.js:1381
Vj @ desktop_polymer.js:1389
moa @ desktop_polymer.js:1387
xra @ desktop_polymer.js:1703
yra @ desktop_polymer.js:1702
qsa @ desktop_polymer.js:1837
(anonymous) @ desktop_polymer.js:1736
Aa @ desktop_polymer.js:43
next @ desktop_polymer.js:45
b @ desktop_polymer.js:49
Promise.then
g @ desktop_polymer.js:51
(anonymous) @ desktop_polymer.js:52
raa @ desktop_polymer.js:51
t @ desktop_polymer.js:52
f.immediateSend @ desktop_polymer.js:1735
(anonymous) @ desktop_polymer.js:1733
Aa @ desktop_polymer.js:43
next @ desktop_polymer.js:45
b @ desktop_polymer.js:49
Promise.then
g @ desktop_polymer.js:51
(anonymous) @ desktop_polymer.js:52
raa @ desktop_polymer.js:51
t @ desktop_polymer.js:52
(anonymous) @ desktop_polymer.js:1733
S @ scheduler.js:45
V @ scheduler.js:54
g.S @ scheduler.js:50
(anonymous) @ web-animations-next-lite.min.js:96
requestAnimationFrame
window.requestAnimationFrame @ web-animations-next-lite.min.js:96
g.start @ scheduler.js:55
sa @ scheduler.js:41
Ba @ scheduler.js:60
tk.addJob @ desktop_polymer.js:1472
rk @ desktop_polymer.js:1466
Inb @ desktop_polymer.js:7945
onload @ desktop_polymer.js:9001
Dpb.b.onload @ desktop_polymer.js:8090
load
Cmb @ desktop_polymer.js:7785
yFa @ desktop_polymer.js:3129
OFa @ desktop_polymer.js:3147
NA @ desktop_polymer.js:7798
Cpb @ desktop_polymer.js:8086
Bpb @ desktop_polymer.js:8085
IB @ desktop_polymer.js:8087
f.renderIdom @ desktop_polymer.js:8995
(anonymous) @ desktop_polymer.js:7810
(anonymous) @ desktop_polymer.js:3144
(anonymous) @ desktop_polymer.js:3142
f.doIdomRender @ desktop_polymer.js:7810
JA.doRender @ desktop_polymer.js:7769
(anonymous) @ desktop_polymer.js:7027
(anonymous) @ desktop_polymer.js:7021
agb @ desktop_polymer.js:7015
desktop_polymer.js:1381 
        
        
       POST https://www.youtube.com/youtubei/v1/log_event?alt=json&key=AIzaSyAO_FJ2SlqU8Q4STEHLGCilw_Y9_11qcW8 net::ERR_BLOCKED_BY_CLIENT
ioa @ desktop_polymer.js:1381
Vj @ desktop_polymer.js:1389
moa @ desktop_polymer.js:1387
xra @ desktop_polymer.js:1703
yra @ desktop_polymer.js:1702
qsa @ desktop_polymer.js:1837
(anonymous) @ desktop_polymer.js:1736
Aa @ desktop_polymer.js:43
next @ desktop_polymer.js:45
b @ desktop_polymer.js:49
Promise.then
g @ desktop_polymer.js:51
(anonymous) @ desktop_polymer.js:52
raa @ desktop_polymer.js:51
t @ desktop_polymer.js:52
f.immediateSend @ desktop_polymer.js:1735
(anonymous) @ desktop_polymer.js:1724
Promise.then
f.writeThenSend @ desktop_polymer.js:1724
wl.writeThenSend @ desktop_polymer.js:1832
C @ desktop_polymer.js:1857
(anonymous) @ desktop_polymer.js:1859
Promise.then
Hra @ desktop_polymer.js:1859
jua @ desktop_polymer.js:1991
mua @ desktop_polymer.js:1982
(anonymous) @ desktop_polymer.js:1979
xi @ desktop_polymer.js:1031
gua @ desktop_polymer.js:1979
p @ desktop_polymer.js:1974
(anonymous) @ desktop_polymer.js:1975
S @ scheduler.js:45
V @ scheduler.js:54
g.P @ scheduler.js:47
requestIdleCallback
g.start @ scheduler.js:55
wa @ scheduler.js:52
g.O @ scheduler.js:49
setTimeout
apply @ VM13:676
g.start @ scheduler.js:55
g.S @ scheduler.js:50
(anonymous) @ web-animations-next-lite.min.js:96
requestAnimationFrame
window.requestAnimationFrame @ web-animations-next-lite.min.js:96
g.start @ scheduler.js:55
V @ scheduler.js:54
g.P @ scheduler.js:47
requestIdleCallback
g.start @ scheduler.js:55
wa @ scheduler.js:52
g.O @ scheduler.js:49
setTimeout
apply @ VM13:676
g.start @ scheduler.js:55
g.S @ scheduler.js:50
(anonymous) @ web-animations-next-lite.min.js:96
requestAnimationFrame
window.requestAnimationFrame @ web-animations-next-lite.min.js:96
g.start @ scheduler.js:55
sa @ scheduler.js:41
(anonymous) @ scheduler.js:60
setTimeout
apply @ VM13:676
Ba @ scheduler.js:60
tk.addJob @ desktop_polymer.js:1472
nk.addLowPriorityJob @ desktop_polymer.js:1465
f.throttledSend @ desktop_polymer.js:1733
(anonymous) @ desktop_polymer.js:1733
Aa @ desktop_polymer.js:43
next @ desktop_polymer.js:45
b @ desktop_polymer.js:49
Promise.then
g @ desktop_polymer.js:51
Promise.then
g @ desktop_polymer.js:51
(anonymous) @ desktop_polymer.js:52
raa @ desktop_polymer.js:51
t @ desktop_polymer.js:52
(anonymous) @ desktop_polymer.js:1733
S @ scheduler.js:45
V @ scheduler.js:54
g.S @ scheduler.js:50
(anonymous) @ web-animations-next-lite.min.js:96
requestAnimationFrame
window.requestAnimationFrame @ web-animations-next-lite.min.js:96
g.start @ scheduler.js:55
sa @ scheduler.js:41
Ba @ scheduler.js:60
tk.addJob @ desktop_polymer.js:1472
rk @ desktop_polymer.js:1466
Inb @ desktop_polymer.js:7945
onload @ desktop_polymer.js:9001
Dpb.b.onload @ desktop_polymer.js:8090
load
Cmb @ desktop_polymer.js:7785
yFa @ desktop_polymer.js:3129
OFa @ desktop_polymer.js:3147
NA @ desktop_polymer.js:7798
Cpb @ desktop_polymer.js:8086
Bpb @ desktop_polymer.js:8085
IB @ desktop_polymer.js:8087
f.renderIdom @ desktop_polymer.js:8995
(anonymous) @ desktop_polymer.js:7810
(anonymous) @ desktop_polymer.js:3144
(anonymous) @ desktop_polymer.js:3142
f.doIdomRender @ desktop_polymer.js:7810
JA.doRender @ desktop_polymer.js:7769
(anonymous) @ desktop_polymer.js:7027
(anonymous) @ desktop_polymer.js:7021
agb @ desktop_polymer.js:7015
videos:1 The resource https://i.ytimg.com/generate_204 was preloaded using link preload but not used within a few seconds from the window's load event. Please make sure it has an appropriate `as` value and it is preloaded intentionally.
desktop_polymer.js:1381 
        
        
       POST https://www.youtube.com/youtubei/v1/log_event?alt=json&key=AIzaSyAO_FJ2SlqU8Q4STEHLGCilw_Y9_11qcW8 net::ERR_BLOCKED_BY_CLIENT
ioa @ desktop_polymer.js:1381
Vj @ desktop_polymer.js:1389
moa @ desktop_polymer.js:1387
xra @ desktop_polymer.js:1703
yra @ desktop_polymer.js:1702
qsa @ desktop_polymer.js:1837
(anonymous) @ desktop_polymer.js:1736
Aa @ desktop_polymer.js:43
next @ desktop_polymer.js:45
b @ desktop_polymer.js:49
Promise.then
g @ desktop_polymer.js:51
(anonymous) @ desktop_polymer.js:52
raa @ desktop_polymer.js:51
t @ desktop_polymer.js:52
f.immediateSend @ desktop_polymer.js:1735
(anonymous) @ desktop_polymer.js:1733
Aa @ desktop_polymer.js:43
next @ desktop_polymer.js:45
b @ desktop_polymer.js:49
Promise.then
g @ desktop_polymer.js:51
(anonymous) @ desktop_polymer.js:52
raa @ desktop_polymer.js:51
t @ desktop_polymer.js:52
(anonymous) @ desktop_polymer.js:1733
S @ scheduler.js:45
V @ scheduler.js:54
g.S @ scheduler.js:50
(anonymous) @ web-animations-next-lite.min.js:96
requestAnimationFrame
window.requestAnimationFrame @ web-animations-next-lite.min.js:96
g.start @ scheduler.js:55
sa @ scheduler.js:41
(anonymous) @ scheduler.js:60
setTimeout
apply @ VM13:676
Ba @ scheduler.js:60
tk.addJob @ desktop_polymer.js:1472
nk.addLowPriorityJob @ desktop_polymer.js:1465
f.throttledSend @ desktop_polymer.js:1733
(anonymous) @ desktop_polymer.js:1740
S @ scheduler.js:45
V @ scheduler.js:54
g.S @ scheduler.js:50
(anonymous) @ web-animations-next-lite.min.js:96
requestAnimationFrame
window.requestAnimationFrame @ web-animations-next-lite.min.js:96
g.start @ scheduler.js:55
sa @ scheduler.js:41
(anonymous) @ scheduler.js:60
setTimeout
apply @ VM13:676
Ba @ scheduler.js:60
tk.addJob @ desktop_polymer.js:1472
nk.addLowPriorityJob @ desktop_polymer.js:1465
(anonymous) @ desktop_polymer.js:1740
Aa @ desktop_polymer.js:43
next @ desktop_polymer.js:45
b @ desktop_polymer.js:49
Promise.then
g @ desktop_polymer.js:51
(anonymous) @ desktop_polymer.js:52
raa @ desktop_polymer.js:51
t @ desktop_polymer.js:52
Kra.b.options.onError @ desktop_polymer.js:1738
(anonymous) @ desktop_polymer.js:1389
(anonymous) @ desktop_polymer.js:1342
q @ desktop_polymer.js:1379
XMLHttpRequest.send
ioa @ desktop_polymer.js:1381
Vj @ desktop_polymer.js:1389
moa @ desktop_polymer.js:1387
xra @ desktop_polymer.js:1703
yra @ desktop_polymer.js:1702
qsa @ desktop_polymer.js:1837
(anonymous) @ desktop_polymer.js:1736
Aa @ desktop_polymer.js:43
next @ desktop_polymer.js:45
b @ desktop_polymer.js:49
Promise.then
g @ desktop_polymer.js:51
(anonymous) @ desktop_polymer.js:52
raa @ desktop_polymer.js:51
t @ desktop_polymer.js:52
f.immediateSend @ desktop_polymer.js:1735
(anonymous) @ desktop_polymer.js:1724
Promise.then
f.writeThenSend @ desktop_polymer.js:1724
wl.writeThenSend @ desktop_polymer.js:1832
C @ desktop_polymer.js:1857
(anonymous) @ desktop_polymer.js:1859
Promise.then
Hra @ desktop_polymer.js:1859
jua @ desktop_polymer.js:1991
mua @ desktop_polymer.js:1982
(anonymous) @ desktop_polymer.js:1979
xi @ desktop_polymer.js:1031
gua @ desktop_polymer.js:1979
p @ desktop_polymer.js:1974
(anonymous) @ desktop_polymer.js:1975
S @ scheduler.js:45
V @ scheduler.js:54
g.P @ scheduler.js:47
requestIdleCallback
g.start @ scheduler.js:55
wa @ scheduler.js:52
g.O @ scheduler.js:49
setTimeout
apply @ VM13:676
g.start @ scheduler.js:55
g.S @ scheduler.js:50
(anonymous) @ web-animations-next-lite.min.js:96
requestAnimationFrame
window.requestAnimationFrame @ web-animations-next-lite.min.js:96
g.start @ scheduler.js:55
V @ scheduler.js:54
g.P @ scheduler.js:47
requestIdleCallback
g.start @ scheduler.js:55
wa @ scheduler.js:52
g.O @ scheduler.js:49
setTimeout
apply @ VM13:676
g.start @ scheduler.js:55
g.S @ scheduler.js:50
(anonymous) @ web-animations-next-lite.min.js:96
requestAnimationFrame
window.requestAnimationFrame @ web-animations-next-lite.min.js:96
g.start @ scheduler.js:55
sa @ scheduler.js:41
(anonymous) @ scheduler.js:60
setTimeout
apply @ VM13:676
Ba @ scheduler.js:60
tk.addJob @ desktop_polymer.js:1472
nk.addLowPriorityJob @ desktop_polymer.js:1465
f.throttledSend @ desktop_polymer.js:1733
(anonymous) @ desktop_polymer.js:1733
Aa @ desktop_polymer.js:43
next @ desktop_polymer.js:45
b @ desktop_polymer.js:49
Promise.then
g @ desktop_polymer.js:51
Promise.then
g @ desktop_polymer.js:51
(anonymous) @ desktop_polymer.js:52
raa @ desktop_polymer.js:51
t @ desktop_polymer.js:52
(anonymous) @ desktop_polymer.js:1733
S @ scheduler.js:45
V @ scheduler.js:54
g.S @ scheduler.js:50
(anonymous) @ web-animations-next-lite.min.js:96
requestAnimationFrame
window.requestAnimationFrame @ web-animations-next-lite.min.js:96
g.start @ scheduler.js:55
sa @ scheduler.js:41
Ba @ scheduler.js:60
tk.addJob @ desktop_polymer.js:1472
rk @ desktop_polymer.js:1466
Inb @ desktop_polymer.js:7945
onload @ desktop_polymer.js:9001
Dpb.b.onload @ desktop_polymer.js:8090
videos:1 The resource https://i.ytimg.com/generate_204 was preloaded using link preload but not used within a few seconds from the window's load event. Please make sure it has an appropriate `as` value and it is preloaded intentionally.
desktop_polymer.js:2303 
        
        
       POST https://play.google.com/log?format=json&hasfast=true&authuser=0 net::ERR_BLOCKED_BY_CLIENT
Mm.send @ desktop_polymer.js:2303
Exa @ desktop_polymer.js:2297
Lxa.send @ desktop_polymer.js:2327
f.flush @ desktop_polymer.js:2241
(anonymous) @ desktop_polymer.js:2231
xm.tick @ desktop_polymer.js:2208
(anonymous) @ desktop_polymer.js:2206
base.js:7929 
        
        
       POST https://play.google.com/log?format=json&hasfast=true&authuser=0 net::ERR_BLOCKED_BY_CLIENT
(anonymous) @ base.js:7929
Yfa @ base.js:825
(anonymous) @ base.js:7942
(anonymous) @ base.js:7870
(anonymous) @ base.js:700
(anonymous) @ base.js:7840
(anonymous) @ base.js:7838
